Using pre-set license
Built from '2022.3/staging' branch; Version is '2022.3.17f1 (4fc78088f837) revision 5228416'; Using compiler version '192829333'; Build Type 'Release'
OS: 'Windows 10  (10.0.19045) 64bit Professional' Language: 'ru' Physical Memory: 16319 MB
BatchMode: 1, IsHumanControllingUs: 0, StartBugReporterOnCrash: 0, Is64bit: 1, IsPro: 1

COMMAND LINE ARGUMENTS:
C:\Program Files\Unity\Hub\Editor\2022.3.17f1\Editor\Unity.exe
-adb2
-batchMode
-noUpm
-name
AssetImportWorker1
-projectPath
D:/UnityProjects/TheEmperor
-logFile
Logs/AssetImportWorker1.log
-srvPort
59642
Successfully changed project path to: D:/UnityProjects/TheEmperor
D:/UnityProjects/TheEmperor
[UnityMemory] Configuration Parameters - Can be set up in boot.config
    "memorysetup-bucket-allocator-granularity=16"
    "memorysetup-bucket-allocator-bucket-count=8"
    "memorysetup-bucket-allocator-block-size=33554432"
    "memorysetup-bucket-allocator-block-count=8"
    "memorysetup-main-allocator-block-size=16777216"
    "memorysetup-thread-allocator-block-size=16777216"
    "memorysetup-gfx-main-allocator-block-size=16777216"
    "memorysetup-gfx-thread-allocator-block-size=16777216"
    "memorysetup-cache-allocator-block-size=4194304"
    "memorysetup-typetree-allocator-block-size=2097152"
    "memorysetup-profiler-bucket-allocator-granularity=16"
    "memorysetup-profiler-bucket-allocator-bucket-count=8"
    "memorysetup-profiler-bucket-allocator-block-size=33554432"
    "memorysetup-profiler-bucket-allocator-block-count=8"
    "memorysetup-profiler-allocator-block-size=16777216"
    "memorysetup-profiler-editor-allocator-block-size=1048576"
    "memorysetup-temp-allocator-size-main=16777216"
    "memorysetup-job-temp-allocator-block-size=2097152"
    "memorysetup-job-temp-allocator-block-size-background=1048576"
    "memorysetup-job-temp-allocator-reduction-small-platforms=262144"
    "memorysetup-allocator-temp-initial-block-size-main=262144"
    "memorysetup-allocator-temp-initial-block-size-worker=262144"
    "memorysetup-temp-allocator-size-background-worker=32768"
    "memorysetup-temp-allocator-size-job-worker=262144"
    "memorysetup-temp-allocator-size-preload-manager=33554432"
    "memorysetup-temp-allocator-size-nav-mesh-worker=65536"
    "memorysetup-temp-allocator-size-audio-worker=65536"
    "memorysetup-temp-allocator-size-cloud-worker=32768"
    "memorysetup-temp-allocator-size-gi-baking-worker=262144"
    "memorysetup-temp-allocator-size-gfx=262144"
Player connection [13512] Host "[IP] 172.17.208.1 [Port] 0 [Flags] 2 [Guid] 2528701943 [EditorId] 2528701943 [Version] 1048832 [Id] WindowsEditor(7,DESKTOP-3OCAV1B) [Debug] 1 [PackageName] WindowsEditor [ProjectName] Editor" joined multi-casting on [225.0.0.222:54997]...

Player connection [13512] Host "[IP] 172.17.208.1 [Port] 0 [Flags] 2 [Guid] 2528701943 [EditorId] 2528701943 [Version] 1048832 [Id] WindowsEditor(7,DESKTOP-3OCAV1B) [Debug] 1 [PackageName] WindowsEditor [ProjectName] Editor" joined alternative multi-casting on [225.0.0.222:34997]...

[Physics::Module] Initialized MultithreadedJobDispatcher with 7 workers.
Refreshing native plugins compatible for Editor in 218.57 ms, found 3 plugins.
Preloading 0 native plugins for Editor in 0.00 ms.
Initialize engine version: 2022.3.17f1 (4fc78088f837)
[Subsystems] Discovering subsystems at path C:/Program Files/Unity/Hub/Editor/2022.3.17f1/Editor/Data/Resources/UnitySubsystems
[Subsystems] Discovering subsystems at path D:/UnityProjects/TheEmperor/Assets
GfxDevice: creating device client; threaded=0; jobified=0
Direct3D:
    Version:  Direct3D 11.0 [level 11.1]
    Renderer: NVIDIA GeForce GTX 1660 SUPER (ID=0x21c4)
    Vendor:   NVIDIA
    VRAM:     5966 MB
    Driver:   32.0.15.5585
Initialize mono
Mono path[0] = 'C:/Program Files/Unity/Hub/Editor/2022.3.17f1/Editor/Data/Managed'
Mono path[1] = 'C:/Program Files/Unity/Hub/Editor/2022.3.17f1/Editor/Data/MonoBleedingEdge/lib/mono/unityjit-win32'
Mono config path = 'C:/Program Files/Unity/Hub/Editor/2022.3.17f1/Editor/Data/MonoBleedingEdge/etc'
Using monoOptions --debugger-agent=transport=dt_socket,embedding=1,server=y,suspend=n,address=127.0.0.1:56288
Begin MonoManager ReloadAssembly
Registering precompiled unity dll's ...
Register platform support module: C:/Program Files/Unity/Hub/Editor/2022.3.17f1/Editor/Data/PlaybackEngines/WebGLSupport/UnityEditor.WebGL.Extensions.dll
Register platform support module: C:/Program Files/Unity/Hub/Editor/2022.3.17f1/Editor/Data/PlaybackEngines/WindowsStandaloneSupport/UnityEditor.WindowsStandalone.Extensions.dll
Registered in 0.009695 seconds.
- Loaded All Assemblies, in  0.568 seconds
Native extension for WindowsStandalone target not found
Native extension for WebGL target not found
Mono: successfully reloaded assembly
- Finished resetting the current domain, in  0.500 seconds
Domain Reload Profiling: 1066ms
	BeginReloadAssembly (232ms)
		ExecutionOrderSort (0ms)
		DisableScriptedObjects (0ms)
		BackupInstance (0ms)
		ReleaseScriptingObjects (0ms)
		CreateAndSetChildDomain (2ms)
	RebuildCommonClasses (41ms)
	RebuildNativeTypeToScriptingClass (17ms)
	initialDomainReloadingComplete (72ms)
	LoadAllAssembliesAndSetupDomain (204ms)
		LoadAssemblies (228ms)
		RebuildTransferFunctionScriptingTraits (0ms)
		AnalyzeDomain (202ms)
			TypeCache.Refresh (201ms)
				TypeCache.ScanAssembly (182ms)
			ScanForSourceGeneratedMonoScriptInfo (0ms)
			ResolveRequiredComponents (0ms)
	FinalizeReload (501ms)
		ReleaseScriptCaches (0ms)
		RebuildScriptCaches (0ms)
		SetupLoadedEditorAssemblies (402ms)
			LogAssemblyErrors (0ms)
			InitializePlatformSupportModulesInManaged (18ms)
			SetLoadedEditorAssemblies (9ms)
			RefreshPlugins (0ms)
			BeforeProcessingInitializeOnLoad (4ms)
			ProcessInitializeOnLoadAttributes (273ms)
			ProcessInitializeOnLoadMethodAttributes (99ms)
			AfterProcessingInitializeOnLoad (0ms)
			EditorAssembliesLoaded (0ms)
		ExecutionOrderSort2 (0ms)
		AwakeInstancesAfterBackupRestoration (0ms)
========================================================================
Worker process is ready to serve import requests
Begin MonoManager ReloadAssembly
Symbol file LoadedFromMemory is not a mono symbol file
Symbol file LoadedFromMemory is not a mono symbol file
Symbol file LoadedFromMemory is not a mono symbol file
Symbol file LoadedFromMemory is not a mono symbol file
- Loaded All Assemblies, in  2.194 seconds
Refreshing native plugins compatible for Editor in 5.58 ms, found 3 plugins.
Native extension for WindowsStandalone target not found
Native extension for WebGL target not found
Package Manager log level set to [2]
[Package Manager] Server::EnsureServerProcessIsRunning -- launch failed, reason: Unity was launched with the -noUpm command-line argument
[Package Manager] UpmClient::Send -- Unable to send message (not connected to UPM process).
[Package Manager] Cannot connect to Unity Package Manager local server
Mono: successfully reloaded assembly
- Finished resetting the current domain, in 17.417 seconds
Domain Reload Profiling: 19609ms
	BeginReloadAssembly (243ms)
		ExecutionOrderSort (0ms)
		DisableScriptedObjects (10ms)
		BackupInstance (0ms)
		ReleaseScriptingObjects (0ms)
		CreateAndSetChildDomain (31ms)
	RebuildCommonClasses (54ms)
	RebuildNativeTypeToScriptingClass (21ms)
	initialDomainReloadingComplete (83ms)
	LoadAllAssembliesAndSetupDomain (1791ms)
		LoadAssemblies (1627ms)
		RebuildTransferFunctionScriptingTraits (0ms)
		AnalyzeDomain (305ms)
			TypeCache.Refresh (258ms)
				TypeCache.ScanAssembly (237ms)
			ScanForSourceGeneratedMonoScriptInfo (29ms)
			ResolveRequiredComponents (16ms)
	FinalizeReload (17418ms)
		ReleaseScriptCaches (0ms)
		RebuildScriptCaches (0ms)
		SetupLoadedEditorAssemblies (17083ms)
			LogAssemblyErrors (0ms)
			InitializePlatformSupportModulesInManaged (14ms)
			SetLoadedEditorAssemblies (10ms)
			RefreshPlugins (0ms)
			BeforeProcessingInitializeOnLoad (115ms)
			ProcessInitializeOnLoadAttributes (14833ms)
			ProcessInitializeOnLoadMethodAttributes (2100ms)
			AfterProcessingInitializeOnLoad (10ms)
			EditorAssembliesLoaded (0ms)
		ExecutionOrderSort2 (0ms)
		AwakeInstancesAfterBackupRestoration (18ms)
Failed to get ipc connection from UnityShaderCompiler.exe shader compiler! C:/Program Files/Unity/Hub/Editor/2022.3.17f1/Editor/Data/Tools/UnityShaderCompiler.exe
Launched and connected shader compiler UnityShaderCompiler.exe after 2.44 seconds
Refreshing native plugins compatible for Editor in 37.45 ms, found 3 plugins.
Preloading 0 native plugins for Editor in 0.00 ms.
Unloading 4531 Unused Serialized files (Serialized files now loaded: 0)
Unloading 321 unused Assets / (3.1 MB). Loaded Objects now: 4771.
Memory consumption went from 224.4 MB to 221.3 MB.
Total: 11.615900 ms (FindLiveObjects: 0.515200 ms CreateObjectMapping: 0.725500 ms MarkObjects: 7.955100 ms  DeleteObjects: 2.419000 ms)

AssetImportParameters requested are different than current active one (requested -> active):
  custom:container-demuxer-ogg: 62fdf1f143b41e24485cea50d1cbac27 -> 
  custom:video-decoder-ogg-theora: a1e56fd34408186e4bbccfd4996cb3dc -> 
  custom:framework-win-MediaFoundation: 216162199b28c13a410421893ffa2e32 -> 
  custom:CustomObjectIndexerAttribute: 6d391050e5a25f67b0a2c618074f2cd9 -> 
  custom:container-demuxer-webm: 4f35f7cbe854078d1ac9338744f61a02 -> 
  custom:container-muxer-webm: aa71ff27fc2769a1b78a27578f13a17b -> 
  custom:video-decoder-webm-vp8: 9c59270c3fd7afecdb556c50c9e8de78 -> 
  custom:SearchIndexIgnoredProperties: e643bd26f0fe6173181afceb89e7c659 -> 
  custom:AudioImporter_EditorPlatform: d09bf68614088b80899f8185d706f6e7 -> 
  custom:video-encoder-webm-vp8: eb34c28f22e8b96e1ab97ce403110664 -> 
  custom:audio-decoder-ogg-vorbis: bf7c407c2cedff20999df2af8eb42d56 -> 
  custom:audio-encoder-webm-vorbis: bf7c407c2cedff20999df2af8eb42d56 -> 
========================================================================
Received Import Request.
  Time since last request: 817276.402038 seconds.
  path: Assets/Sun_Temple/Prefabs/Decals/Dec_Ornament_B.prefab
  artifactKey: Guid(5a1859631d14f484eb15d000db2d248c) Importer(815301076,1909f56bfc062723c751e8b465ee728b)
Start importing Assets/Sun_Temple/Prefabs/Decals/Dec_Ornament_B.prefab using Guid(5a1859631d14f484eb15d000db2d248c) Importer(815301076,1909f56bfc062723c751e8b465ee728b)  -> (artifact id: '9259cfbc5093f1a19691f2f7c72f93fd') in 3.456968 seconds
Number of updated asset objects reloaded before import = 0
Number of asset objects unloaded after import = 11
========================================================================
Received Import Request.
  Time since last request: 0.000086 seconds.
  path: Assets/Sun_Temple/Prefabs/Buildings_Prefabbed/Bld_LongTriangular_A_Hollow.prefab
  artifactKey: Guid(3603a2c33fc769f42b99104b3b2c6136) Importer(815301076,1909f56bfc062723c751e8b465ee728b)
Start importing Assets/Sun_Temple/Prefabs/Buildings_Prefabbed/Bld_LongTriangular_A_Hollow.prefab using Guid(3603a2c33fc769f42b99104b3b2c6136) Importer(815301076,1909f56bfc062723c751e8b465ee728b)  -> (artifact id: '2eca24892f3b0a19e2a0914ded9bb8e6') in 14.007893 seconds
Number of updated asset objects reloaded before import = 0
Number of asset objects unloaded after import = 271
========================================================================
Received Import Request.
  Time since last request: 0.000029 seconds.
  path: Assets/Sun_Temple/Prefabs/Buildings_Prefabbed/Bld_Medium_D.prefab
  artifactKey: Guid(54ac5b965bd68f94d8c922e237edf80c) Importer(815301076,1909f56bfc062723c751e8b465ee728b)
Start importing Assets/Sun_Temple/Prefabs/Buildings_Prefabbed/Bld_Medium_D.prefab using Guid(54ac5b965bd68f94d8c922e237edf80c) Importer(815301076,1909f56bfc062723c751e8b465ee728b)  -> (artifact id: 'f1c6822dc3cb14b242f84632aa46c9d4') in 0.795897 seconds
Number of updated asset objects reloaded before import = 0
Number of asset objects unloaded after import = 526
========================================================================
Received Import Request.
  Time since last request: 0.000045 seconds.
  path: Assets/Sun_Temple/Prefabs/Buildings_Prefabbed/Bld_Dome_A.prefab
  artifactKey: Guid(9918a3172b0dc2241a3c59e06ab35f43) Importer(815301076,1909f56bfc062723c751e8b465ee728b)
Start importing Assets/Sun_Temple/Prefabs/Buildings_Prefabbed/Bld_Dome_A.prefab using Guid(9918a3172b0dc2241a3c59e06ab35f43) Importer(815301076,1909f56bfc062723c751e8b465ee728b)  -> (artifact id: 'ebc735058d7d5f34c4c083d7ec6f07a8') in 0.140869 seconds
Number of updated asset objects reloaded before import = 0
Number of asset objects unloaded after import = 50
========================================================================
Received Import Request.
  Time since last request: 0.000029 seconds.
  path: Assets/Sun_Temple/Prefabs/Decals/Dec_Ornament_C.prefab
  artifactKey: Guid(6f6147866adbc1448b57f4f6afc0fa87) Importer(815301076,1909f56bfc062723c751e8b465ee728b)
Start importing Assets/Sun_Temple/Prefabs/Decals/Dec_Ornament_C.prefab using Guid(6f6147866adbc1448b57f4f6afc0fa87) Importer(815301076,1909f56bfc062723c751e8b465ee728b)  -> (artifact id: '435a04472ae98171ef93bedc966acc50') in 0.858626 seconds
Number of updated asset objects reloaded before import = 0
Number of asset objects unloaded after import = 11
========================================================================
Received Import Request.
  Time since last request: 0.019884 seconds.
  path: Assets/Sun_Temple/Prefabs/Buildings_Prefabbed/Bld_Medium_A_Interior_A.prefab
  artifactKey: Guid(8fb129459653ed8449327f81ae39e79c) Importer(815301076,1909f56bfc062723c751e8b465ee728b)
Start importing Assets/Sun_Temple/Prefabs/Buildings_Prefabbed/Bld_Medium_A_Interior_A.prefab using Guid(8fb129459653ed8449327f81ae39e79c) Importer(815301076,1909f56bfc062723c751e8b465ee728b)  -> (artifact id: '08210c601dcb4bdd38c5d6d6f691f796') in 4.137929 seconds
Number of updated asset objects reloaded before import = 0
Number of asset objects unloaded after import = 2369
========================================================================
Received Import Request.
  Time since last request: 0.000039 seconds.
  path: Assets/Sun_Temple/Prefabs/Buildings_Prefabbed/Bld_FishingShack_A_Hollow.prefab
  artifactKey: Guid(3fe5caec0e374d842be8ee0603818a23) Importer(815301076,1909f56bfc062723c751e8b465ee728b)
Start importing Assets/Sun_Temple/Prefabs/Buildings_Prefabbed/Bld_FishingShack_A_Hollow.prefab using Guid(3fe5caec0e374d842be8ee0603818a23) Importer(815301076,1909f56bfc062723c751e8b465ee728b)  -> (artifact id: 'b17d96253a16cba9cc5e70db771b9b0a') in 0.202913 seconds
Number of updated asset objects reloaded before import = 0
Number of asset objects unloaded after import = 139
========================================================================
Received Import Request.
  Time since last request: 0.000031 seconds.
  path: Assets/Sun_Temple/Prefabs/Buildings_Prefabbed/Bld_Medium_C.prefab
  artifactKey: Guid(eecf14f5a3c167f45bb2d897c7917e9b) Importer(815301076,1909f56bfc062723c751e8b465ee728b)
Start importing Assets/Sun_Temple/Prefabs/Buildings_Prefabbed/Bld_Medium_C.prefab using Guid(eecf14f5a3c167f45bb2d897c7917e9b) Importer(815301076,1909f56bfc062723c751e8b465ee728b)  -> (artifact id: 'd9f55a87d2c13601a749c3996b16937b') in 0.155466 seconds
Number of updated asset objects reloaded before import = 0
Number of asset objects unloaded after import = 425
========================================================================
Received Import Request.
  Time since last request: 0.000155 seconds.
  path: Assets/Sun_Temple/Prefabs/Buildings_Prefabbed/Bld_LongTriangular_A_Interior_A.prefab
  artifactKey: Guid(172be243f1a20af458b71a26294be8e5) Importer(815301076,1909f56bfc062723c751e8b465ee728b)
Start importing Assets/Sun_Temple/Prefabs/Buildings_Prefabbed/Bld_LongTriangular_A_Interior_A.prefab using Guid(172be243f1a20af458b71a26294be8e5) Importer(815301076,1909f56bfc062723c751e8b465ee728b)  -> (artifact id: 'c3f8c95f9181a5ceeba540f2923164bf') in 0.438703 seconds
Number of updated asset objects reloaded before import = 0
Number of asset objects unloaded after import = 3248
========================================================================
Received Import Request.
  Time since last request: 0.000020 seconds.
  path: Assets/Sun_Temple/Prefabs/Buildings_Prefabbed/Bld_Medium_A_Hollow.prefab
  artifactKey: Guid(29f2b63a9605e834d8ba9cf5e49696a1) Importer(815301076,1909f56bfc062723c751e8b465ee728b)
Start importing Assets/Sun_Temple/Prefabs/Buildings_Prefabbed/Bld_Medium_A_Hollow.prefab using Guid(29f2b63a9605e834d8ba9cf5e49696a1) Importer(815301076,1909f56bfc062723c751e8b465ee728b)  -> (artifact id: '6e9c19d7d8a087593ae671e42fecb6cf') in 0.123725 seconds
Number of updated asset objects reloaded before import = 0
Number of asset objects unloaded after import = 369
========================================================================
Received Import Request.
  Time since last request: 0.000040 seconds.
  path: Assets/Sun_Temple/Prefabs/Buildings_Prefabbed/Bld_Medium_C_Interior_A.prefab
  artifactKey: Guid(1a0ba17852dd86745ace6a84d64970d0) Importer(815301076,1909f56bfc062723c751e8b465ee728b)
Start importing Assets/Sun_Temple/Prefabs/Buildings_Prefabbed/Bld_Medium_C_Interior_A.prefab using Guid(1a0ba17852dd86745ace6a84d64970d0) Importer(815301076,1909f56bfc062723c751e8b465ee728b)  -> (artifact id: '8985935b2698251134f981c49ec34263') in 0.347085 seconds
Number of updated asset objects reloaded before import = 0
Number of asset objects unloaded after import = 2325
========================================================================
Received Import Request.
  Time since last request: 0.000026 seconds.
  path: Assets/Sun_Temple/Prefabs/Buildings_Prefabbed/Bld_Medium_A.prefab
  artifactKey: Guid(7d5c58feb12284541b5cc819211d2fbe) Importer(815301076,1909f56bfc062723c751e8b465ee728b)
Start importing Assets/Sun_Temple/Prefabs/Buildings_Prefabbed/Bld_Medium_A.prefab using Guid(7d5c58feb12284541b5cc819211d2fbe) Importer(815301076,1909f56bfc062723c751e8b465ee728b)  -> (artifact id: 'f7d2e8d70536125550ba1a7ad0f4bf71') in 0.174780 seconds
Number of updated asset objects reloaded before import = 0
Number of asset objects unloaded after import = 404
========================================================================
Received Import Request.
  Time since last request: 0.000035 seconds.
  path: Assets/Sun_Temple/Prefabs/Buildings_Prefabbed/Bld_FishingShack_B_Interior_A.prefab
  artifactKey: Guid(a47d5a7cdb311b242bed64d10900e570) Importer(815301076,1909f56bfc062723c751e8b465ee728b)
Start importing Assets/Sun_Temple/Prefabs/Buildings_Prefabbed/Bld_FishingShack_B_Interior_A.prefab using Guid(a47d5a7cdb311b242bed64d10900e570) Importer(815301076,1909f56bfc062723c751e8b465ee728b)  -> (artifact id: 'baefc42164d4af4192cd4234f0b15e24') in 0.255887 seconds
Number of updated asset objects reloaded before import = 0
Number of asset objects unloaded after import = 1089
========================================================================
Received Import Request.
  Time since last request: 0.000223 seconds.
  path: Assets/Sun_Temple/Prefabs/Decals/Dec_OrnamentStrip_A.prefab
  artifactKey: Guid(760e9b86f423b0e4bb2ce46efa6ce183) Importer(815301076,1909f56bfc062723c751e8b465ee728b)
Start importing Assets/Sun_Temple/Prefabs/Decals/Dec_OrnamentStrip_A.prefab using Guid(760e9b86f423b0e4bb2ce46efa6ce183) Importer(815301076,1909f56bfc062723c751e8b465ee728b)  -> (artifact id: 'a0e02e4bb51e3760b06ba09833529f8b') in 0.043993 seconds
Number of updated asset objects reloaded before import = 0
Number of asset objects unloaded after import = 11
========================================================================
Received Import Request.
  Time since last request: 0.000020 seconds.
  path: Assets/Sun_Temple/Prefabs/Buildings_Prefabbed/Bld_LongTriangular_B_Hollow.prefab
  artifactKey: Guid(48d05d90ace0eae4da1923dbb025ce62) Importer(815301076,1909f56bfc062723c751e8b465ee728b)
Start importing Assets/Sun_Temple/Prefabs/Buildings_Prefabbed/Bld_LongTriangular_B_Hollow.prefab using Guid(48d05d90ace0eae4da1923dbb025ce62) Importer(815301076,1909f56bfc062723c751e8b465ee728b)  -> (artifact id: 'd31978fd80ddfb525d5c16081a8c8118') in 0.142794 seconds
Number of updated asset objects reloaded before import = 0
Number of asset objects unloaded after import = 331
========================================================================
Received Import Request.
  Time since last request: 0.000030 seconds.
  path: Assets/Sun_Temple/Prefabs/Decals/Dec_OrnamentStrip_C.prefab
  artifactKey: Guid(b8b9679b277808445881a6917e2bfabb) Importer(815301076,1909f56bfc062723c751e8b465ee728b)
Start importing Assets/Sun_Temple/Prefabs/Decals/Dec_OrnamentStrip_C.prefab using Guid(b8b9679b277808445881a6917e2bfabb) Importer(815301076,1909f56bfc062723c751e8b465ee728b)  -> (artifact id: '275afe31e9ea865531341ec7ec2413ff') in 0.056558 seconds
Number of updated asset objects reloaded before import = 0
Number of asset objects unloaded after import = 11
========================================================================
Received Import Request.
  Time since last request: 677.354355 seconds.
  path: Assets/Sun_Temple/Prefabs/Buildings_Prefabbed/Bld_Rectangular_A.prefab
  artifactKey: Guid(5e56ed7576c01204baff1a9bc46e124f) Importer(815301076,1909f56bfc062723c751e8b465ee728b)
Start importing Assets/Sun_Temple/Prefabs/Buildings_Prefabbed/Bld_Rectangular_A.prefab using Guid(5e56ed7576c01204baff1a9bc46e124f) Importer(815301076,1909f56bfc062723c751e8b465ee728b)  -> (artifact id: '8c666ad1702c7561a3b4b5c19f40e997') in 2.178839 seconds
Number of updated asset objects reloaded before import = 0
Number of asset objects unloaded after import = 1159
========================================================================
Received Import Request.
  Time since last request: 0.000029 seconds.
  path: Assets/Sun_Temple/Prefabs/Buildings_Prefabbed/Bld_Rectangular_A_Interior_A.prefab
  artifactKey: Guid(2378d4ba3f65fb94e9fc128dc9a9d21b) Importer(815301076,1909f56bfc062723c751e8b465ee728b)
Start importing Assets/Sun_Temple/Prefabs/Buildings_Prefabbed/Bld_Rectangular_A_Interior_A.prefab using Guid(2378d4ba3f65fb94e9fc128dc9a9d21b) Importer(815301076,1909f56bfc062723c751e8b465ee728b)  -> (artifact id: '5ab3b210a0a5601fca0ba7d73a5893b1') in 0.606062 seconds
Number of updated asset objects reloaded before import = 0
Number of asset objects unloaded after import = 5595
========================================================================
Received Import Request.
  Time since last request: 0.000041 seconds.
  path: Assets/Sun_Temple/Prefabs/Buildings_Prefabbed/Bld_Rectangular_B.prefab
  artifactKey: Guid(1cfdf93d85cfb6442ba94fc418cf425c) Importer(815301076,1909f56bfc062723c751e8b465ee728b)
Start importing Assets/Sun_Temple/Prefabs/Buildings_Prefabbed/Bld_Rectangular_B.prefab using Guid(1cfdf93d85cfb6442ba94fc418cf425c) Importer(815301076,1909f56bfc062723c751e8b465ee728b)  -> (artifact id: 'd6804c8c3c46dea3eb14b90a36e4f2a3') in 0.121531 seconds
Number of updated asset objects reloaded before import = 0
Number of asset objects unloaded after import = 1161
========================================================================
Received Import Request.
  Time since last request: 0.000019 seconds.
  path: Assets/Sun_Temple/Prefabs/Buildings_Prefabbed/Bld_Rectangular_B_Hollow_A.prefab
  artifactKey: Guid(aac353a0c5613fa4fbdfffcd85b5d406) Importer(815301076,1909f56bfc062723c751e8b465ee728b)
Start importing Assets/Sun_Temple/Prefabs/Buildings_Prefabbed/Bld_Rectangular_B_Hollow_A.prefab using Guid(aac353a0c5613fa4fbdfffcd85b5d406) Importer(815301076,1909f56bfc062723c751e8b465ee728b)  -> (artifact id: '1c9992ecd9daab20758e33e50f7de2e0') in 0.238691 seconds
Number of updated asset objects reloaded before import = 0
Number of asset objects unloaded after import = 971
========================================================================
Received Import Request.
  Time since last request: 307.803904 seconds.
  path: Assets/Sun_Temple/Prefabs/Buildings_Prefabbed/Bld_Square_A_Interior_A.prefab
  artifactKey: Guid(56b83d8f50549474ca03ca19fffd799d) Importer(815301076,1909f56bfc062723c751e8b465ee728b)
Start importing Assets/Sun_Temple/Prefabs/Buildings_Prefabbed/Bld_Square_A_Interior_A.prefab using Guid(56b83d8f50549474ca03ca19fffd799d) Importer(815301076,1909f56bfc062723c751e8b465ee728b)  -> (artifact id: '39f73eb4f03864df807f24cb8b65b2b5') in 0.317226 seconds
Number of updated asset objects reloaded before import = 0
Number of asset objects unloaded after import = 2742
========================================================================
Received Import Request.
  Time since last request: 0.000023 seconds.
  path: Assets/Sun_Temple/Prefabs/Buildings_Prefabbed/Bld_Square_C.prefab
  artifactKey: Guid(95df7f080571c104592b2c44dd069b6c) Importer(815301076,1909f56bfc062723c751e8b465ee728b)
Start importing Assets/Sun_Temple/Prefabs/Buildings_Prefabbed/Bld_Square_C.prefab using Guid(95df7f080571c104592b2c44dd069b6c) Importer(815301076,1909f56bfc062723c751e8b465ee728b)  -> (artifact id: '80c2f2475705cce61c87cf3e18647a5d') in 0.114315 seconds
Number of updated asset objects reloaded before import = 0
Number of asset objects unloaded after import = 406
========================================================================
Received Import Request.
  Time since last request: 0.000027 seconds.
  path: Assets/Sun_Temple/Prefabs/Buildings_Prefabbed/Bld_Tall_B_Hollow.prefab
  artifactKey: Guid(74b8eb9c922553144bfd1349a5e35ae8) Importer(815301076,1909f56bfc062723c751e8b465ee728b)
Start importing Assets/Sun_Temple/Prefabs/Buildings_Prefabbed/Bld_Tall_B_Hollow.prefab using Guid(74b8eb9c922553144bfd1349a5e35ae8) Importer(815301076,1909f56bfc062723c751e8b465ee728b)  -> (artifact id: '3a488d29c6a049b275c07e9efdf44603') in 0.183976 seconds
Number of updated asset objects reloaded before import = 0
Number of asset objects unloaded after import = 677
========================================================================
Received Import Request.
  Time since last request: 0.000024 seconds.
  path: Assets/Sun_Temple/Prefabs/Buildings_Prefabbed/Bld_TempleTower_A.prefab
  artifactKey: Guid(d7ee4527d33b47e46a18d28bd8dea53b) Importer(815301076,1909f56bfc062723c751e8b465ee728b)
Start importing Assets/Sun_Temple/Prefabs/Buildings_Prefabbed/Bld_TempleTower_A.prefab using Guid(d7ee4527d33b47e46a18d28bd8dea53b) Importer(815301076,1909f56bfc062723c751e8b465ee728b)  -> (artifact id: 'bd6ae8f047b56b140071e2a329ad4ca2') in 0.298561 seconds
Number of updated asset objects reloaded before import = 0
Number of asset objects unloaded after import = 287
========================================================================
Received Import Request.
  Time since last request: 0.000026 seconds.
  path: Assets/Sun_Temple/Prefabs/Buildings_Prefabbed/Bld_Temple.prefab
  artifactKey: Guid(537f714a0a7039549960966aef600efb) Importer(815301076,1909f56bfc062723c751e8b465ee728b)
Start importing Assets/Sun_Temple/Prefabs/Buildings_Prefabbed/Bld_Temple.prefab using Guid(537f714a0a7039549960966aef600efb) Importer(815301076,1909f56bfc062723c751e8b465ee728b)  -> (artifact id: 'f8e08fe775602f068b567e1d182a0f16') in 1.694078 seconds
Number of updated asset objects reloaded before import = 0
Number of asset objects unloaded after import = 13661
========================================================================
Received Import Request.
  Time since last request: 0.000032 seconds.
  path: Assets/Sun_Temple/Prefabs/Buildings_Prefabbed/Bld_Tall_A.prefab
  artifactKey: Guid(6711ca4c8b548274db5fbdd12365bb62) Importer(815301076,1909f56bfc062723c751e8b465ee728b)
Start importing Assets/Sun_Temple/Prefabs/Buildings_Prefabbed/Bld_Tall_A.prefab using Guid(6711ca4c8b548274db5fbdd12365bb62) Importer(815301076,1909f56bfc062723c751e8b465ee728b)  -> (artifact id: '4e45747cede474ddaf81b7c1cdaf522e') in 0.101505 seconds
Number of updated asset objects reloaded before import = 0
Number of asset objects unloaded after import = 591
========================================================================
Received Import Request.
  Time since last request: 0.000019 seconds.
  path: Assets/Sun_Temple/Prefabs/Buildings_Prefabbed/Bld_TempleTower_B.prefab
  artifactKey: Guid(bdd7fd4cc0cf1bd469f6f6f11df531ed) Importer(815301076,1909f56bfc062723c751e8b465ee728b)
Start importing Assets/Sun_Temple/Prefabs/Buildings_Prefabbed/Bld_TempleTower_B.prefab using Guid(bdd7fd4cc0cf1bd469f6f6f11df531ed) Importer(815301076,1909f56bfc062723c751e8b465ee728b)  -> (artifact id: '614d4e6c058aade5c49f2ebd1504d2cc') in 0.109488 seconds
Number of updated asset objects reloaded before import = 0
Number of asset objects unloaded after import = 271
========================================================================
Received Import Request.
  Time since last request: 0.000022 seconds.
  path: Assets/Sun_Temple/Prefabs/Buildings_Prefabbed/Bld_Tall_A_Hollow.prefab
  artifactKey: Guid(74f1de459c13681498c8c88cb560bc90) Importer(815301076,1909f56bfc062723c751e8b465ee728b)
Start importing Assets/Sun_Temple/Prefabs/Buildings_Prefabbed/Bld_Tall_A_Hollow.prefab using Guid(74f1de459c13681498c8c88cb560bc90) Importer(815301076,1909f56bfc062723c751e8b465ee728b)  -> (artifact id: '087dfaff587c4cfcf158a4ba9b55f15e') in 0.080656 seconds
Number of updated asset objects reloaded before import = 0
Number of asset objects unloaded after import = 461
========================================================================
Received Import Request.
  Time since last request: 0.000055 seconds.
  path: Assets/Sun_Temple/Prefabs/Buildings_Prefabbed/Bld_Storage_A_Hollow.prefab
  artifactKey: Guid(e33a3c123cb4b2b418c0ac08af5e2f19) Importer(815301076,1909f56bfc062723c751e8b465ee728b)
Start importing Assets/Sun_Temple/Prefabs/Buildings_Prefabbed/Bld_Storage_A_Hollow.prefab using Guid(e33a3c123cb4b2b418c0ac08af5e2f19) Importer(815301076,1909f56bfc062723c751e8b465ee728b)  -> (artifact id: '46422b5cdfd32a5c28673ef31c1e2427') in 0.067863 seconds
Number of updated asset objects reloaded before import = 0
Number of asset objects unloaded after import = 143
========================================================================
Received Import Request.
  Time since last request: 0.000028 seconds.
  path: Assets/Sun_Temple/Prefabs/Buildings_Prefabbed/Bld_Tall_D_Hollow.prefab
  artifactKey: Guid(ee2cb845be0d6944e9cef49eb1320ced) Importer(815301076,1909f56bfc062723c751e8b465ee728b)
Start importing Assets/Sun_Temple/Prefabs/Buildings_Prefabbed/Bld_Tall_D_Hollow.prefab using Guid(ee2cb845be0d6944e9cef49eb1320ced) Importer(815301076,1909f56bfc062723c751e8b465ee728b)  -> (artifact id: '981f4973813a4dc455d22c6abcae8755') in 0.134705 seconds
Number of updated asset objects reloaded before import = 0
Number of asset objects unloaded after import = 836
========================================================================
Received Import Request.
  Time since last request: 0.000022 seconds.
  path: Assets/Sun_Temple/Prefabs/Buildings_Prefabbed/Bld_Square_B_Interior_A.prefab
  artifactKey: Guid(794cc4e6a9ba6f247a55b1f4fdc1fd14) Importer(815301076,1909f56bfc062723c751e8b465ee728b)
Start importing Assets/Sun_Temple/Prefabs/Buildings_Prefabbed/Bld_Square_B_Interior_A.prefab using Guid(794cc4e6a9ba6f247a55b1f4fdc1fd14) Importer(815301076,1909f56bfc062723c751e8b465ee728b)  -> (artifact id: '242d7bc02d7f680b92195fdc53ca123e') in 0.197674 seconds
Number of updated asset objects reloaded before import = 0
Number of asset objects unloaded after import = 2785
