Using pre-set license
Built from '2022.3/staging' branch; Version is '2022.3.17f1 (4fc78088f837) revision 5228416'; Using compiler version '192829333'; Build Type 'Release'
OS: 'Windows 10  (10.0.19045) 64bit Professional' Language: 'ru' Physical Memory: 16319 MB
BatchMode: 1, IsHumanControllingUs: 0, StartBugReporterOnCrash: 0, Is64bit: 1, IsPro: 1

COMMAND LINE ARGUMENTS:
C:\Program Files\Unity\Hub\Editor\2022.3.17f1\Editor\Unity.exe
-adb2
-batchMode
-noUpm
-name
AssetImportWorker0
-projectPath
D:/UnityProjects/TheEmperor
-logFile
Logs/AssetImportWorker0.log
-srvPort
59642
Successfully changed project path to: D:/UnityProjects/TheEmperor
D:/UnityProjects/TheEmperor
[UnityMemory] Configuration Parameters - Can be set up in boot.config
    "memorysetup-bucket-allocator-granularity=16"
    "memorysetup-bucket-allocator-bucket-count=8"
    "memorysetup-bucket-allocator-block-size=33554432"
    "memorysetup-bucket-allocator-block-count=8"
    "memorysetup-main-allocator-block-size=16777216"
    "memorysetup-thread-allocator-block-size=16777216"
    "memorysetup-gfx-main-allocator-block-size=16777216"
    "memorysetup-gfx-thread-allocator-block-size=16777216"
    "memorysetup-cache-allocator-block-size=4194304"
    "memorysetup-typetree-allocator-block-size=2097152"
    "memorysetup-profiler-bucket-allocator-granularity=16"
    "memorysetup-profiler-bucket-allocator-bucket-count=8"
    "memorysetup-profiler-bucket-allocator-block-size=33554432"
    "memorysetup-profiler-bucket-allocator-block-count=8"
    "memorysetup-profiler-allocator-block-size=16777216"
    "memorysetup-profiler-editor-allocator-block-size=1048576"
    "memorysetup-temp-allocator-size-main=16777216"
    "memorysetup-job-temp-allocator-block-size=2097152"
    "memorysetup-job-temp-allocator-block-size-background=1048576"
    "memorysetup-job-temp-allocator-reduction-small-platforms=262144"
    "memorysetup-allocator-temp-initial-block-size-main=262144"
    "memorysetup-allocator-temp-initial-block-size-worker=262144"
    "memorysetup-temp-allocator-size-background-worker=32768"
    "memorysetup-temp-allocator-size-job-worker=262144"
    "memorysetup-temp-allocator-size-preload-manager=33554432"
    "memorysetup-temp-allocator-size-nav-mesh-worker=65536"
    "memorysetup-temp-allocator-size-audio-worker=65536"
    "memorysetup-temp-allocator-size-cloud-worker=32768"
    "memorysetup-temp-allocator-size-gi-baking-worker=262144"
    "memorysetup-temp-allocator-size-gfx=262144"
Player connection [12016] Host "[IP] 172.17.208.1 [Port] 0 [Flags] 2 [Guid] 3222666541 [EditorId] 3222666541 [Version] 1048832 [Id] WindowsEditor(7,DESKTOP-3OCAV1B) [Debug] 1 [PackageName] WindowsEditor [ProjectName] Editor" joined multi-casting on [225.0.0.222:54997]...

Player connection [12016] Host "[IP] 172.17.208.1 [Port] 0 [Flags] 2 [Guid] 3222666541 [EditorId] 3222666541 [Version] 1048832 [Id] WindowsEditor(7,DESKTOP-3OCAV1B) [Debug] 1 [PackageName] WindowsEditor [ProjectName] Editor" joined alternative multi-casting on [225.0.0.222:34997]...

[Physics::Module] Initialized MultithreadedJobDispatcher with 7 workers.
Refreshing native plugins compatible for Editor in 250.24 ms, found 3 plugins.
Preloading 0 native plugins for Editor in 0.00 ms.
Initialize engine version: 2022.3.17f1 (4fc78088f837)
[Subsystems] Discovering subsystems at path C:/Program Files/Unity/Hub/Editor/2022.3.17f1/Editor/Data/Resources/UnitySubsystems
[Subsystems] Discovering subsystems at path D:/UnityProjects/TheEmperor/Assets
GfxDevice: creating device client; threaded=0; jobified=0
Direct3D:
    Version:  Direct3D 11.0 [level 11.1]
    Renderer: NVIDIA GeForce GTX 1660 SUPER (ID=0x21c4)
    Vendor:   NVIDIA
    VRAM:     5966 MB
    Driver:   32.0.15.5585
Initialize mono
Mono path[0] = 'C:/Program Files/Unity/Hub/Editor/2022.3.17f1/Editor/Data/Managed'
Mono path[1] = 'C:/Program Files/Unity/Hub/Editor/2022.3.17f1/Editor/Data/MonoBleedingEdge/lib/mono/unityjit-win32'
Mono config path = 'C:/Program Files/Unity/Hub/Editor/2022.3.17f1/Editor/Data/MonoBleedingEdge/etc'
Using monoOptions --debugger-agent=transport=dt_socket,embedding=1,server=y,suspend=n,address=127.0.0.1:56728
Begin MonoManager ReloadAssembly
Registering precompiled unity dll's ...
Register platform support module: C:/Program Files/Unity/Hub/Editor/2022.3.17f1/Editor/Data/PlaybackEngines/WebGLSupport/UnityEditor.WebGL.Extensions.dll
Register platform support module: C:/Program Files/Unity/Hub/Editor/2022.3.17f1/Editor/Data/PlaybackEngines/WindowsStandaloneSupport/UnityEditor.WindowsStandalone.Extensions.dll
Registered in 0.011820 seconds.
- Loaded All Assemblies, in  0.567 seconds
Native extension for WindowsStandalone target not found
Native extension for WebGL target not found
Mono: successfully reloaded assembly
- Finished resetting the current domain, in  0.499 seconds
Domain Reload Profiling: 1064ms
	BeginReloadAssembly (231ms)
		ExecutionOrderSort (0ms)
		DisableScriptedObjects (0ms)
		BackupInstance (0ms)
		ReleaseScriptingObjects (0ms)
		CreateAndSetChildDomain (1ms)
	RebuildCommonClasses (40ms)
	RebuildNativeTypeToScriptingClass (17ms)
	initialDomainReloadingComplete (72ms)
	LoadAllAssembliesAndSetupDomain (205ms)
		LoadAssemblies (227ms)
		RebuildTransferFunctionScriptingTraits (0ms)
		AnalyzeDomain (203ms)
			TypeCache.Refresh (201ms)
				TypeCache.ScanAssembly (182ms)
			ScanForSourceGeneratedMonoScriptInfo (0ms)
			ResolveRequiredComponents (0ms)
	FinalizeReload (499ms)
		ReleaseScriptCaches (0ms)
		RebuildScriptCaches (0ms)
		SetupLoadedEditorAssemblies (399ms)
			LogAssemblyErrors (0ms)
			InitializePlatformSupportModulesInManaged (16ms)
			SetLoadedEditorAssemblies (9ms)
			RefreshPlugins (0ms)
			BeforeProcessingInitializeOnLoad (3ms)
			ProcessInitializeOnLoadAttributes (275ms)
			ProcessInitializeOnLoadMethodAttributes (95ms)
			AfterProcessingInitializeOnLoad (0ms)
			EditorAssembliesLoaded (0ms)
		ExecutionOrderSort2 (0ms)
		AwakeInstancesAfterBackupRestoration (0ms)
========================================================================
Worker process is ready to serve import requests
Begin MonoManager ReloadAssembly
Symbol file LoadedFromMemory is not a mono symbol file
Symbol file LoadedFromMemory is not a mono symbol file
Symbol file LoadedFromMemory is not a mono symbol file
Symbol file LoadedFromMemory is not a mono symbol file
- Loaded All Assemblies, in  2.202 seconds
Refreshing native plugins compatible for Editor in 3.39 ms, found 3 plugins.
Native extension for WindowsStandalone target not found
Native extension for WebGL target not found
Package Manager log level set to [2]
[Package Manager] Server::EnsureServerProcessIsRunning -- launch failed, reason: Unity was launched with the -noUpm command-line argument
[Package Manager] UpmClient::Send -- Unable to send message (not connected to UPM process).
[Package Manager] Cannot connect to Unity Package Manager local server
Mono: successfully reloaded assembly
- Finished resetting the current domain, in 58.696 seconds
Domain Reload Profiling: 60893ms
	BeginReloadAssembly (240ms)
		ExecutionOrderSort (0ms)
		DisableScriptedObjects (9ms)
		BackupInstance (0ms)
		ReleaseScriptingObjects (0ms)
		CreateAndSetChildDomain (31ms)
	RebuildCommonClasses (54ms)
	RebuildNativeTypeToScriptingClass (21ms)
	initialDomainReloadingComplete (81ms)
	LoadAllAssembliesAndSetupDomain (1801ms)
		LoadAssemblies (1628ms)
		RebuildTransferFunctionScriptingTraits (0ms)
		AnalyzeDomain (312ms)
			TypeCache.Refresh (264ms)
				TypeCache.ScanAssembly (242ms)
			ScanForSourceGeneratedMonoScriptInfo (31ms)
			ResolveRequiredComponents (14ms)
	FinalizeReload (58697ms)
		ReleaseScriptCaches (0ms)
		RebuildScriptCaches (0ms)
		SetupLoadedEditorAssemblies (43000ms)
			LogAssemblyErrors (0ms)
			InitializePlatformSupportModulesInManaged (13ms)
			SetLoadedEditorAssemblies (8ms)
			RefreshPlugins (0ms)
			BeforeProcessingInitializeOnLoad (120ms)
			ProcessInitializeOnLoadAttributes (15033ms)
			ProcessInitializeOnLoadMethodAttributes (21911ms)
			AfterProcessingInitializeOnLoad (5916ms)
			EditorAssembliesLoaded (0ms)
		ExecutionOrderSort2 (0ms)
		AwakeInstancesAfterBackupRestoration (18ms)
Launched and connected shader compiler UnityShaderCompiler.exe after 0.22 seconds
Refreshing native plugins compatible for Editor in 36.06 ms, found 3 plugins.
Preloading 0 native plugins for Editor in 0.00 ms.
Unloading 4531 Unused Serialized files (Serialized files now loaded: 0)
Unloading 321 unused Assets / (3.0 MB). Loaded Objects now: 4771.
Memory consumption went from 224.4 MB to 221.3 MB.
Total: 9.128400 ms (FindLiveObjects: 0.862200 ms CreateObjectMapping: 1.106400 ms MarkObjects: 4.360000 ms  DeleteObjects: 2.798500 ms)

AssetImportParameters requested are different than current active one (requested -> active):
  custom:container-demuxer-ogg: 62fdf1f143b41e24485cea50d1cbac27 -> 
  custom:video-decoder-ogg-theora: a1e56fd34408186e4bbccfd4996cb3dc -> 
  custom:framework-win-MediaFoundation: 216162199b28c13a410421893ffa2e32 -> 
  custom:CustomObjectIndexerAttribute: 6d391050e5a25f67b0a2c618074f2cd9 -> 
  custom:container-demuxer-webm: 4f35f7cbe854078d1ac9338744f61a02 -> 
  custom:container-muxer-webm: aa71ff27fc2769a1b78a27578f13a17b -> 
  custom:video-decoder-webm-vp8: 9c59270c3fd7afecdb556c50c9e8de78 -> 
  custom:SearchIndexIgnoredProperties: e643bd26f0fe6173181afceb89e7c659 -> 
  custom:AudioImporter_EditorPlatform: d09bf68614088b80899f8185d706f6e7 -> 
  custom:video-encoder-webm-vp8: eb34c28f22e8b96e1ab97ce403110664 -> 
  custom:audio-decoder-ogg-vorbis: bf7c407c2cedff20999df2af8eb42d56 -> 
  custom:audio-encoder-webm-vorbis: bf7c407c2cedff20999df2af8eb42d56 -> 
========================================================================
Received Import Request.
  Time since last request: 817276.391857 seconds.
  path: Assets/Sun_Temple/Prefabs/Buildings_Prefabbed/Bld_FishingShack_A_Interior_A.prefab
  artifactKey: Guid(47c63a7c35921e24ab8db77d681d9688) Importer(815301076,1909f56bfc062723c751e8b465ee728b)
Start importing Assets/Sun_Temple/Prefabs/Buildings_Prefabbed/Bld_FishingShack_A_Interior_A.prefab using Guid(47c63a7c35921e24ab8db77d681d9688) Importer(815301076,1909f56bfc062723c751e8b465ee728b)  -> (artifact id: 'c3226f3904be6e27447e6dcdac3006bd') in 20.400702 seconds
Number of updated asset objects reloaded before import = 0
Number of asset objects unloaded after import = 1377
========================================================================
Received Import Request.
  Time since last request: 0.001693 seconds.
  path: Assets/Sun_Temple/Prefabs/Buildings_Prefabbed/Bld_LongTriangular_B.prefab
  artifactKey: Guid(626ac6087a8f1244fad2fa1116df77d7) Importer(815301076,1909f56bfc062723c751e8b465ee728b)
Start importing Assets/Sun_Temple/Prefabs/Buildings_Prefabbed/Bld_LongTriangular_B.prefab using Guid(626ac6087a8f1244fad2fa1116df77d7) Importer(815301076,1909f56bfc062723c751e8b465ee728b)  -> (artifact id: '5fddfa777b75dd6dd7fe58133f2f7764') in 1.692202 seconds
Number of updated asset objects reloaded before import = 0
Number of asset objects unloaded after import = 397
========================================================================
Received Import Request.
  Time since last request: 0.000026 seconds.
  path: Assets/Sun_Temple/Prefabs/Buildings_Prefabbed/Bld_Medium_C_Hollow.prefab
  artifactKey: Guid(8672f418c44f1d240bc68aefd766443e) Importer(815301076,1909f56bfc062723c751e8b465ee728b)
Start importing Assets/Sun_Temple/Prefabs/Buildings_Prefabbed/Bld_Medium_C_Hollow.prefab using Guid(8672f418c44f1d240bc68aefd766443e) Importer(815301076,1909f56bfc062723c751e8b465ee728b)  -> (artifact id: 'eea80cc64f130f27b9b22bde52b283ed') in 0.421117 seconds
Number of updated asset objects reloaded before import = 0
Number of asset objects unloaded after import = 365
========================================================================
Received Import Request.
  Time since last request: 0.000046 seconds.
  path: Assets/Sun_Temple/Prefabs/Buildings_Prefabbed/Bld_LongTriangular_A.prefab
  artifactKey: Guid(d73e662523e987349b65fa35b6ed1a5c) Importer(815301076,1909f56bfc062723c751e8b465ee728b)
Start importing Assets/Sun_Temple/Prefabs/Buildings_Prefabbed/Bld_LongTriangular_A.prefab using Guid(d73e662523e987349b65fa35b6ed1a5c) Importer(815301076,1909f56bfc062723c751e8b465ee728b)  -> (artifact id: '103270afbf27ec3a5892298cab4fa25c') in 0.214816 seconds
Number of updated asset objects reloaded before import = 0
Number of asset objects unloaded after import = 344
========================================================================
Received Import Request.
  Time since last request: 0.000030 seconds.
  path: Assets/Sun_Temple/Prefabs/Buildings_Prefabbed/Bld_Medium_B.prefab
  artifactKey: Guid(c3743e452d8187b43b7dc64db7a4ba63) Importer(815301076,1909f56bfc062723c751e8b465ee728b)
Start importing Assets/Sun_Temple/Prefabs/Buildings_Prefabbed/Bld_Medium_B.prefab using Guid(c3743e452d8187b43b7dc64db7a4ba63) Importer(815301076,1909f56bfc062723c751e8b465ee728b)  -> (artifact id: 'c8f6c76fcc9bb2683683008867dd40f4') in 0.495657 seconds
Number of updated asset objects reloaded before import = 0
Number of asset objects unloaded after import = 425
========================================================================
Received Import Request.
  Time since last request: 0.000039 seconds.
  path: Assets/Sun_Temple/Prefabs/Buildings_Prefabbed/Bld_FishingShack_A.prefab
  artifactKey: Guid(566d44db659135244bb747461939124c) Importer(815301076,1909f56bfc062723c751e8b465ee728b)
Start importing Assets/Sun_Temple/Prefabs/Buildings_Prefabbed/Bld_FishingShack_A.prefab using Guid(566d44db659135244bb747461939124c) Importer(815301076,1909f56bfc062723c751e8b465ee728b)  -> (artifact id: 'c4190ebb03afc228118b000f39d5a8d5') in 0.224910 seconds
Number of updated asset objects reloaded before import = 0
Number of asset objects unloaded after import = 167
========================================================================
Received Import Request.
  Time since last request: 0.000042 seconds.
  path: Assets/Sun_Temple/Prefabs/Decals/Dec_OrnamentStrip_D.prefab
  artifactKey: Guid(58250ebb647440a40950f31671745eeb) Importer(815301076,1909f56bfc062723c751e8b465ee728b)
Start importing Assets/Sun_Temple/Prefabs/Decals/Dec_OrnamentStrip_D.prefab using Guid(58250ebb647440a40950f31671745eeb) Importer(815301076,1909f56bfc062723c751e8b465ee728b)  -> (artifact id: '1a33c283645f46baff0e0798d2a270c3') in 0.067494 seconds
Number of updated asset objects reloaded before import = 0
Number of asset objects unloaded after import = 11
========================================================================
Received Import Request.
  Time since last request: 0.000042 seconds.
  path: Assets/Sun_Temple/Prefabs/Buildings_Prefabbed/Bld_Medium_B_Interior_A.prefab
  artifactKey: Guid(b715b1a6b338fa04eb1708f2b76bc901) Importer(815301076,1909f56bfc062723c751e8b465ee728b)
Start importing Assets/Sun_Temple/Prefabs/Buildings_Prefabbed/Bld_Medium_B_Interior_A.prefab using Guid(b715b1a6b338fa04eb1708f2b76bc901) Importer(815301076,1909f56bfc062723c751e8b465ee728b)  -> (artifact id: '7a1fce0a119494bfaa93b230e28a2380') in 0.339831 seconds
Number of updated asset objects reloaded before import = 0
Number of asset objects unloaded after import = 2722
========================================================================
Received Import Request.
  Time since last request: 0.000024 seconds.
  path: Assets/Sun_Temple/Prefabs/Buildings_Prefabbed/Bld_Medium_D_Hollow.prefab
  artifactKey: Guid(0fa7223d8ca8d9d41be3cfe23c085a00) Importer(815301076,1909f56bfc062723c751e8b465ee728b)
Start importing Assets/Sun_Temple/Prefabs/Buildings_Prefabbed/Bld_Medium_D_Hollow.prefab using Guid(0fa7223d8ca8d9d41be3cfe23c085a00) Importer(815301076,1909f56bfc062723c751e8b465ee728b)  -> (artifact id: '0a29cc58d4739584ac113353d2f12adc') in 0.120656 seconds
Number of updated asset objects reloaded before import = 0
Number of asset objects unloaded after import = 455
========================================================================
Received Import Request.
  Time since last request: 0.000039 seconds.
  path: Assets/Sun_Temple/Prefabs/Decals/Dec_OrnamentStrip_B.prefab
  artifactKey: Guid(d18adc5d43933f3469d15d94445990f5) Importer(815301076,1909f56bfc062723c751e8b465ee728b)
Start importing Assets/Sun_Temple/Prefabs/Decals/Dec_OrnamentStrip_B.prefab using Guid(d18adc5d43933f3469d15d94445990f5) Importer(815301076,1909f56bfc062723c751e8b465ee728b)  -> (artifact id: 'ff981152f9821308497eb0f2e54df040') in 0.016091 seconds
Number of updated asset objects reloaded before import = 0
Number of asset objects unloaded after import = 11
========================================================================
Received Import Request.
  Time since last request: 0.000014 seconds.
  path: Assets/Sun_Temple/Prefabs/Decals
  artifactKey: Guid(589032b8c987ab14ebf27fd820940504) Importer(815301076,1909f56bfc062723c751e8b465ee728b)
Start importing Assets/Sun_Temple/Prefabs/Decals using Guid(589032b8c987ab14ebf27fd820940504) Importer(815301076,1909f56bfc062723c751e8b465ee728b)  -> (artifact id: '4f28cc21d937d3a25e90aa4233a161a4') in 0.001157 seconds
Number of updated asset objects reloaded before import = 0
Number of asset objects unloaded after import = 0
========================================================================
Received Import Request.
  Time since last request: 0.000095 seconds.
  path: Assets/Sun_Temple/Prefabs/Decals/Dec_Ornament_A.prefab
  artifactKey: Guid(539274d4a4345d74fa57ccadded19ffe) Importer(815301076,1909f56bfc062723c751e8b465ee728b)
Start importing Assets/Sun_Temple/Prefabs/Decals/Dec_Ornament_A.prefab using Guid(539274d4a4345d74fa57ccadded19ffe) Importer(815301076,1909f56bfc062723c751e8b465ee728b)  -> (artifact id: 'd0ce263fa0a8245bdd414cdec8c91954') in 0.027853 seconds
Number of updated asset objects reloaded before import = 0
Number of asset objects unloaded after import = 11
========================================================================
Received Import Request.
  Time since last request: 0.000022 seconds.
  path: Assets/Sun_Temple/Prefabs/Decals/Dec_Puddle_B.prefab
  artifactKey: Guid(624449be42b7e7f4db902b19ad4dc40d) Importer(815301076,1909f56bfc062723c751e8b465ee728b)
Start importing Assets/Sun_Temple/Prefabs/Decals/Dec_Puddle_B.prefab using Guid(624449be42b7e7f4db902b19ad4dc40d) Importer(815301076,1909f56bfc062723c751e8b465ee728b)  -> (artifact id: 'c92b6c69d66db2970e1a509ca4adff55') in 0.394977 seconds
Number of updated asset objects reloaded before import = 0
Number of asset objects unloaded after import = 12
========================================================================
Received Import Request.
  Time since last request: 0.000020 seconds.
  path: Assets/Sun_Temple/Prefabs/Decals/Dec_Puddle_A.prefab
  artifactKey: Guid(f0c780d1d47fd574b97fed2fd808eb0f) Importer(815301076,1909f56bfc062723c751e8b465ee728b)
Start importing Assets/Sun_Temple/Prefabs/Decals/Dec_Puddle_A.prefab using Guid(f0c780d1d47fd574b97fed2fd808eb0f) Importer(815301076,1909f56bfc062723c751e8b465ee728b)  -> (artifact id: '1588fe657a0f1c58505ea84af229a714') in 0.043330 seconds
Number of updated asset objects reloaded before import = 0
Number of asset objects unloaded after import = 12
========================================================================
Received Import Request.
  Time since last request: 0.000025 seconds.
  path: Assets/Sun_Temple/Prefabs/Buildings_Prefabbed/Bld_FishingShack_B_Hollow.prefab
  artifactKey: Guid(5b568ce649a72bd4da0b413cc81c297a) Importer(815301076,1909f56bfc062723c751e8b465ee728b)
Start importing Assets/Sun_Temple/Prefabs/Buildings_Prefabbed/Bld_FishingShack_B_Hollow.prefab using Guid(5b568ce649a72bd4da0b413cc81c297a) Importer(815301076,1909f56bfc062723c751e8b465ee728b)  -> (artifact id: '92cb163445c749c0df526705cd8e41e0') in 0.105325 seconds
Number of updated asset objects reloaded before import = 0
Number of asset objects unloaded after import = 115
========================================================================
Received Import Request.
  Time since last request: 0.000022 seconds.
  path: Assets/Sun_Temple/Prefabs/Buildings_Prefabbed/Bld_FishingShack_B.prefab
  artifactKey: Guid(30bc08731236a7144b912e18c0f9f9c9) Importer(815301076,1909f56bfc062723c751e8b465ee728b)
Start importing Assets/Sun_Temple/Prefabs/Buildings_Prefabbed/Bld_FishingShack_B.prefab using Guid(30bc08731236a7144b912e18c0f9f9c9) Importer(815301076,1909f56bfc062723c751e8b465ee728b)  -> (artifact id: '34a9c7d05e9680dc96dfef54bdae3c58') in 0.107452 seconds
Number of updated asset objects reloaded before import = 0
Number of asset objects unloaded after import = 144
========================================================================
Received Import Request.
  Time since last request: 0.000029 seconds.
  path: Assets/Sun_Temple/Prefabs/Buildings_Prefabbed/Bld_Medium_B_Hollow.prefab
  artifactKey: Guid(93e168441ac738c4594febe665b743a9) Importer(815301076,1909f56bfc062723c751e8b465ee728b)
Start importing Assets/Sun_Temple/Prefabs/Buildings_Prefabbed/Bld_Medium_B_Hollow.prefab using Guid(93e168441ac738c4594febe665b743a9) Importer(815301076,1909f56bfc062723c751e8b465ee728b)  -> (artifact id: 'cc84e76e0621b70d5a81a4ebbc1a5182') in 0.156013 seconds
Number of updated asset objects reloaded before import = 0
Number of asset objects unloaded after import = 377
========================================================================
Received Import Request.
  Time since last request: 0.000030 seconds.
  path: Assets/Sun_Temple/Prefabs/Buildings_Prefabbed/Bld_FishingShack_C.prefab
  artifactKey: Guid(aca6fbb94b5c048468ccd623f7e271a2) Importer(815301076,1909f56bfc062723c751e8b465ee728b)
Start importing Assets/Sun_Temple/Prefabs/Buildings_Prefabbed/Bld_FishingShack_C.prefab using Guid(aca6fbb94b5c048468ccd623f7e271a2) Importer(815301076,1909f56bfc062723c751e8b465ee728b)  -> (artifact id: '34314b972c4235c689faf0945cde5b80') in 0.269163 seconds
Number of updated asset objects reloaded before import = 0
Number of asset objects unloaded after import = 154
========================================================================
Received Import Request.
  Time since last request: 0.000027 seconds.
  path: Assets/Sun_Temple/Prefabs/Buildings_Prefabbed/Bld_LongTriangular_B_Interior_A.prefab
  artifactKey: Guid(7c202d8cd54543b4487d577b8919ffee) Importer(815301076,1909f56bfc062723c751e8b465ee728b)
Start importing Assets/Sun_Temple/Prefabs/Buildings_Prefabbed/Bld_LongTriangular_B_Interior_A.prefab using Guid(7c202d8cd54543b4487d577b8919ffee) Importer(815301076,1909f56bfc062723c751e8b465ee728b)  -> (artifact id: '554cb8857f39d5510cc8787a09c3592b') in 0.435019 seconds
Number of updated asset objects reloaded before import = 0
Number of asset objects unloaded after import = 2810
========================================================================
Received Import Request.
  Time since last request: 677.128288 seconds.
  path: Assets/Sun_Temple/Prefabs/Buildings_Prefabbed/Bld_Medium_D_Interior_A.prefab
  artifactKey: Guid(31a17aa5203a01945b314144a300f6fa) Importer(815301076,1909f56bfc062723c751e8b465ee728b)
Start importing Assets/Sun_Temple/Prefabs/Buildings_Prefabbed/Bld_Medium_D_Interior_A.prefab using Guid(31a17aa5203a01945b314144a300f6fa) Importer(815301076,1909f56bfc062723c751e8b465ee728b)  -> (artifact id: '939babdf5280c8e056c25e53180e3e68') in 2.449802 seconds
Number of updated asset objects reloaded before import = 0
Number of asset objects unloaded after import = 3870
========================================================================
Received Import Request.
  Time since last request: 0.000030 seconds.
  path: Assets/Sun_Temple/Prefabs/Buildings_Prefabbed/Bld_Rectangular_B_Interior_A.prefab
  artifactKey: Guid(5e4ec2bbf6cff174bbde8650756051a8) Importer(815301076,1909f56bfc062723c751e8b465ee728b)
Start importing Assets/Sun_Temple/Prefabs/Buildings_Prefabbed/Bld_Rectangular_B_Interior_A.prefab using Guid(5e4ec2bbf6cff174bbde8650756051a8) Importer(815301076,1909f56bfc062723c751e8b465ee728b)  -> (artifact id: '93b8a62ea9b7ca2a9ba8c268b7ad8d88') in 0.714830 seconds
Number of updated asset objects reloaded before import = 0
Number of asset objects unloaded after import = 5993
========================================================================
Received Import Request.
  Time since last request: 0.000033 seconds.
  path: Assets/Sun_Temple/Prefabs/Buildings_Prefabbed/Bld_Rectangular_A_Hollow.prefab
  artifactKey: Guid(3e2a7c4ce66abab43ba71351d3b4ea7a) Importer(815301076,1909f56bfc062723c751e8b465ee728b)
Start importing Assets/Sun_Temple/Prefabs/Buildings_Prefabbed/Bld_Rectangular_A_Hollow.prefab using Guid(3e2a7c4ce66abab43ba71351d3b4ea7a) Importer(815301076,1909f56bfc062723c751e8b465ee728b)  -> (artifact id: '80a0e7dda4956163aa41df8624b21669') in 0.132757 seconds
Number of updated asset objects reloaded before import = 0
Number of asset objects unloaded after import = 969
========================================================================
Received Import Request.
  Time since last request: 0.000020 seconds.
  path: Assets/Sun_Temple/Prefabs/Buildings_Prefabbed/Bld_Square_A.prefab
  artifactKey: Guid(a8920ecfb011f4e4b92bb54d29c20d56) Importer(815301076,1909f56bfc062723c751e8b465ee728b)
Start importing Assets/Sun_Temple/Prefabs/Buildings_Prefabbed/Bld_Square_A.prefab using Guid(a8920ecfb011f4e4b92bb54d29c20d56) Importer(815301076,1909f56bfc062723c751e8b465ee728b)  -> (artifact id: '639f1c3674c79b4811bdccf036615f7b') in 0.190487 seconds
Number of updated asset objects reloaded before import = 0
Number of asset objects unloaded after import = 495
========================================================================
Received Import Request.
  Time since last request: 307.529435 seconds.
  path: Assets/Sun_Temple/Prefabs/Buildings_Prefabbed/Bld_Square_A_Hollow.prefab
  artifactKey: Guid(d4d735d52dbadc74486db01adf8c9f4f) Importer(815301076,1909f56bfc062723c751e8b465ee728b)
Start importing Assets/Sun_Temple/Prefabs/Buildings_Prefabbed/Bld_Square_A_Hollow.prefab using Guid(d4d735d52dbadc74486db01adf8c9f4f) Importer(815301076,1909f56bfc062723c751e8b465ee728b)  -> (artifact id: '8a9ed1afe89a2756aa994049593a09b9') in 0.143492 seconds
Number of updated asset objects reloaded before import = 0
Number of asset objects unloaded after import = 409
========================================================================
Received Import Request.
  Time since last request: 0.000025 seconds.
  path: Assets/Sun_Temple/Prefabs/Buildings_Prefabbed/Bld_Square_B.prefab
  artifactKey: Guid(2d4486064fe15d04e8c1636577f5093f) Importer(815301076,1909f56bfc062723c751e8b465ee728b)
Start importing Assets/Sun_Temple/Prefabs/Buildings_Prefabbed/Bld_Square_B.prefab using Guid(2d4486064fe15d04e8c1636577f5093f) Importer(815301076,1909f56bfc062723c751e8b465ee728b)  -> (artifact id: '0dd1573176416d5ce65fa28226a6be08') in 0.091889 seconds
Number of updated asset objects reloaded before import = 0
Number of asset objects unloaded after import = 518
========================================================================
Received Import Request.
  Time since last request: 0.000034 seconds.
  path: Assets/Sun_Temple/Prefabs/Buildings_Prefabbed/Bld_Square_C_Hollow.prefab
  artifactKey: Guid(121f8bbe2707004469d31dd348fc4ea5) Importer(815301076,1909f56bfc062723c751e8b465ee728b)
Start importing Assets/Sun_Temple/Prefabs/Buildings_Prefabbed/Bld_Square_C_Hollow.prefab using Guid(121f8bbe2707004469d31dd348fc4ea5) Importer(815301076,1909f56bfc062723c751e8b465ee728b)  -> (artifact id: '76bb09a91df99c245bb45f591ea3a234') in 0.118423 seconds
Number of updated asset objects reloaded before import = 0
Number of asset objects unloaded after import = 357
========================================================================
Received Import Request.
  Time since last request: 0.000023 seconds.
  path: Assets/Sun_Temple/Prefabs/Buildings_Prefabbed/Bld_Tall_D_Interior_A.prefab
  artifactKey: Guid(e001c575caa793f459412087df5bd66d) Importer(815301076,1909f56bfc062723c751e8b465ee728b)
Start importing Assets/Sun_Temple/Prefabs/Buildings_Prefabbed/Bld_Tall_D_Interior_A.prefab using Guid(e001c575caa793f459412087df5bd66d) Importer(815301076,1909f56bfc062723c751e8b465ee728b)  -> (artifact id: '18b7356d69dfc50ac563d21ae664ca1b') in 0.502244 seconds
Number of updated asset objects reloaded before import = 0
Number of asset objects unloaded after import = 6650
========================================================================
Received Import Request.
  Time since last request: 0.000029 seconds.
  path: Assets/Sun_Temple/Prefabs/Buildings_Prefabbed/Bld_Storage_A_Interior.prefab
  artifactKey: Guid(a4b44689e65c54241a43bebb34e9de96) Importer(815301076,1909f56bfc062723c751e8b465ee728b)
Start importing Assets/Sun_Temple/Prefabs/Buildings_Prefabbed/Bld_Storage_A_Interior.prefab using Guid(a4b44689e65c54241a43bebb34e9de96) Importer(815301076,1909f56bfc062723c751e8b465ee728b)  -> (artifact id: '8b0d2c62bb3f3ca609c5f4f997ede4b3') in 0.198152 seconds
Number of updated asset objects reloaded before import = 0
Number of asset objects unloaded after import = 362
========================================================================
Received Import Request.
  Time since last request: 0.000038 seconds.
  path: Assets/Sun_Temple/Prefabs/Buildings_Prefabbed/Bld_Tall_D.prefab
  artifactKey: Guid(127846bcccd93534bbefc88c5a527691) Importer(815301076,1909f56bfc062723c751e8b465ee728b)
Start importing Assets/Sun_Temple/Prefabs/Buildings_Prefabbed/Bld_Tall_D.prefab using Guid(127846bcccd93534bbefc88c5a527691) Importer(815301076,1909f56bfc062723c751e8b465ee728b)  -> (artifact id: '1f6716f65261b0c381aaa85ea8198338') in 0.116072 seconds
Number of updated asset objects reloaded before import = 0
Number of asset objects unloaded after import = 994
========================================================================
Received Import Request.
  Time since last request: 0.000024 seconds.
  path: Assets/Sun_Temple/Prefabs/Buildings_Prefabbed/Bld_Square_C_Interior_A.prefab
  artifactKey: Guid(1a325491e474d7d4ba4f438bd05b455c) Importer(815301076,1909f56bfc062723c751e8b465ee728b)
Start importing Assets/Sun_Temple/Prefabs/Buildings_Prefabbed/Bld_Square_C_Interior_A.prefab using Guid(1a325491e474d7d4ba4f438bd05b455c) Importer(815301076,1909f56bfc062723c751e8b465ee728b)  -> (artifact id: '1041f880bb4e19e7999e84bb60950006') in 0.252514 seconds
Number of updated asset objects reloaded before import = 0
Number of asset objects unloaded after import = 2364
========================================================================
Received Import Request.
  Time since last request: 0.000025 seconds.
  path: Assets/Sun_Temple/Prefabs/Buildings_Prefabbed/Bld_Tall_B.prefab
  artifactKey: Guid(a2d3c4acfd6f6704caa6eb80831f5e39) Importer(815301076,1909f56bfc062723c751e8b465ee728b)
Start importing Assets/Sun_Temple/Prefabs/Buildings_Prefabbed/Bld_Tall_B.prefab using Guid(a2d3c4acfd6f6704caa6eb80831f5e39) Importer(815301076,1909f56bfc062723c751e8b465ee728b)  -> (artifact id: '05e1ddcda6b83a7521784aea6ad070f3') in 0.112272 seconds
Number of updated asset objects reloaded before import = 0
Number of asset objects unloaded after import = 840
========================================================================
Received Import Request.
  Time since last request: 0.000032 seconds.
  path: Assets/Sun_Temple/Prefabs/Buildings_Prefabbed/Bld_Tall_A_Interior_A.prefab
  artifactKey: Guid(30b5d527c1bc7a841af763dbc3d8f567) Importer(815301076,1909f56bfc062723c751e8b465ee728b)
Start importing Assets/Sun_Temple/Prefabs/Buildings_Prefabbed/Bld_Tall_A_Interior_A.prefab using Guid(30b5d527c1bc7a841af763dbc3d8f567) Importer(815301076,1909f56bfc062723c751e8b465ee728b)  -> (artifact id: '1ec118d62f1f225871502fe04e647314') in 0.260660 seconds
Number of updated asset objects reloaded before import = 0
Number of asset objects unloaded after import = 5007
========================================================================
Received Import Request.
  Time since last request: 0.000031 seconds.
  path: Assets/Sun_Temple/Prefabs/Buildings_Prefabbed/Bld_Tall_B_Interior_A.prefab
  artifactKey: Guid(50a8bc0d342915c4f9f5644e1e38a26f) Importer(815301076,1909f56bfc062723c751e8b465ee728b)
Start importing Assets/Sun_Temple/Prefabs/Buildings_Prefabbed/Bld_Tall_B_Interior_A.prefab using Guid(50a8bc0d342915c4f9f5644e1e38a26f) Importer(815301076,1909f56bfc062723c751e8b465ee728b)  -> (artifact id: '06d2d9ce6a7b8fdb5054219c1ab1b659') in 0.294461 seconds
Number of updated asset objects reloaded before import = 0
Number of asset objects unloaded after import = 6130
========================================================================
Received Import Request.
  Time since last request: 0.000041 seconds.
  path: Assets/Sun_Temple/Prefabs/Buildings_Prefabbed/Bld_Temple_WithLOD.prefab
  artifactKey: Guid(7ba2845aa97948a4b8bee3a62a942ab2) Importer(815301076,1909f56bfc062723c751e8b465ee728b)
Start importing Assets/Sun_Temple/Prefabs/Buildings_Prefabbed/Bld_Temple_WithLOD.prefab using Guid(7ba2845aa97948a4b8bee3a62a942ab2) Importer(815301076,1909f56bfc062723c751e8b465ee728b)  -> (artifact id: '6e1a3f354b929cb8e5c5009d7088bed1') in 0.976535 seconds
Number of updated asset objects reloaded before import = 0
Number of asset objects unloaded after import = 13723
========================================================================
Received Import Request.
  Time since last request: 0.000024 seconds.
  path: Assets/Sun_Temple/Prefabs/Buildings_Prefabbed/Bld_Square_B_Hollow.prefab
  artifactKey: Guid(0e1cd7084de20104ba1f1e6199c1d985) Importer(815301076,1909f56bfc062723c751e8b465ee728b)
Start importing Assets/Sun_Temple/Prefabs/Buildings_Prefabbed/Bld_Square_B_Hollow.prefab using Guid(0e1cd7084de20104ba1f1e6199c1d985) Importer(815301076,1909f56bfc062723c751e8b465ee728b)  -> (artifact id: 'a80e072d35cd5234b19ddab71b4657a7') in 0.096537 seconds
Number of updated asset objects reloaded before import = 0
Number of asset objects unloaded after import = 434
========================================================================
Received Import Request.
  Time since last request: 0.000049 seconds.
  path: Assets/Sun_Temple/Prefabs/Buildings_Prefabbed/Bld_Storage_A.prefab
  artifactKey: Guid(cd45932c2b6591145b85a4409e5dedf6) Importer(815301076,1909f56bfc062723c751e8b465ee728b)
Start importing Assets/Sun_Temple/Prefabs/Buildings_Prefabbed/Bld_Storage_A.prefab using Guid(cd45932c2b6591145b85a4409e5dedf6) Importer(815301076,1909f56bfc062723c751e8b465ee728b)  -> (artifact id: 'f98486e76a7d8d04b98a7c601d3e8b23') in 0.069967 seconds
Number of updated asset objects reloaded before import = 0
Number of asset objects unloaded after import = 174
========================================================================
Received Import Request.
  Time since last request: 501.316784 seconds.
  path: Assets/Sun_Temple/Content/Meshes/Main/Materials/FX_CandleFlame.mat
  artifactKey: Guid(3c177dc43adf9b54d988bf4fc174cd43) Importer(815301076,1909f56bfc062723c751e8b465ee728b)
Start importing Assets/Sun_Temple/Content/Meshes/Main/Materials/FX_CandleFlame.mat using Guid(3c177dc43adf9b54d988bf4fc174cd43) Importer(815301076,1909f56bfc062723c751e8b465ee728b)  -> (artifact id: 'add54e67e168a2acff43f832397c198c') in 0.042354 seconds
Number of updated asset objects reloaded before import = 0
Number of asset objects unloaded after import = 2
